<?xml version="1.0" encoding="UTF-8"?>
<testsuite name="com.tariq.isbnvalidatorapi.IsbnValidatorApiApplicationTests" tests="1" skipped="0" failures="0" errors="0" timestamp="2023-07-19T08:00:41" hostname="HIQSTOL869" time="0.848">
  <properties/>
  <testcase name="contextLoads()" classname="com.tariq.isbnvalidatorapi.IsbnValidatorApiApplicationTests" time="0.848"/>
  <system-out><![CDATA[10:00:39.263 [Test worker] INFO org.springframework.test.context.support.AnnotationConfigContextLoaderUtils -- Could not detect default configuration classes for test class [com.tariq.isbnvalidatorapi.IsbnValidatorApiApplicationTests]: IsbnValidatorApiApplicationTests does not declare any static, non-private, non-final, nested classes annotated with @Configuration.
10:00:39.418 [Test worker] INFO org.springframework.boot.test.context.SpringBootTestContextBootstrapper -- Found @SpringBootConfiguration com.tariq.isbnvalidatorapi.IsbnValidatorApiApplication for test class com.tariq.isbnvalidatorapi.IsbnValidatorApiApplicationTests

  .   ____          _            __ _ _
 /\\ / ___'_ __ _ _(_)_ __  __ _ \ \ \ \
( ( )\___ | '_ | '_| | '_ \/ _` | \ \ \ \
 \\/  ___)| |_)| | | | | || (_| |  ) ) ) )
  '  |____| .__|_| |_|_| |_\__, | / / / /
 =========|_|==============|___/=/_/_/_/
 :: Spring Boot ::                (v3.1.1)

2023-07-19T10:00:39.917+02:00  INFO 19824 --- [    Test worker] c.t.i.IsbnValidatorApiApplicationTests   : Starting IsbnValidatorApiApplicationTests using Java 17.0.2 with PID 19824 (started by TariqDa in C:\isbn-validator-api)
2023-07-19T10:00:39.918+02:00  INFO 19824 --- [    Test worker] c.t.i.IsbnValidatorApiApplicationTests   : No active profile set, falling back to 1 default profile: "default"
2023-07-19T10:00:41.557+02:00  INFO 19824 --- [    Test worker] c.t.i.IsbnValidatorApiApplicationTests   : Started IsbnValidatorApiApplicationTests in 1.924 seconds (process running for 3.26)
]]></system-out>
  <system-err><![CDATA[]]></system-err>
</testsuite>
