<?xml version="1.0" encoding="UTF-8"?>
<testsuite name="com.tariq.isbnvalidatorapi.validator.IsbnValidatorTest" tests="18" skipped="0" failures="0" errors="0" timestamp="2023-07-19T08:00:45" hostname="HIQSTOL869" time="0.093">
  <properties/>
  <testcase name="validateThrowsExceptionIfIsbnContainsInvalidCharacter()" classname="com.tariq.isbnvalidatorapi.validator.IsbnValidatorTest" time="0.031"/>
  <testcase name="[1] isbn=5712343334100" classname="com.tariq.isbnvalidatorapi.validator.IsbnValidatorTest" time="0.014"/>
  <testcase name="[2] isbn=9796811111115" classname="com.tariq.isbnvalidatorapi.validator.IsbnValidatorTest" time="0.002"/>
  <testcase name="[3] isbn=8742611281006" classname="com.tariq.isbnvalidatorapi.validator.IsbnValidatorTest" time="0.001"/>
  <testcase name="[4] isbn=9772643561114" classname="com.tariq.isbnvalidatorapi.validator.IsbnValidatorTest" time="0.001"/>
  <testcase name="[1] isbn=9185057819" classname="com.tariq.isbnvalidatorapi.validator.IsbnValidatorTest" time="0.002"/>
  <testcase name="[2] isbn=8544976158" classname="com.tariq.isbnvalidatorapi.validator.IsbnValidatorTest" time="0.001"/>
  <testcase name="[3] isbn=7260904836" classname="com.tariq.isbnvalidatorapi.validator.IsbnValidatorTest" time="0.002"/>
  <testcase name="[4] isbn=043942089X" classname="com.tariq.isbnvalidatorapi.validator.IsbnValidatorTest" time="0.0"/>
  <testcase name="[1] isbn=9783161484100" classname="com.tariq.isbnvalidatorapi.validator.IsbnValidatorTest" time="0.0"/>
  <testcase name="[2] isbn=9796862825875" classname="com.tariq.isbnvalidatorapi.validator.IsbnValidatorTest" time="0.001"/>
  <testcase name="[3] isbn=9790111381006" classname="com.tariq.isbnvalidatorapi.validator.IsbnValidatorTest" time="0.001"/>
  <testcase name="[4] isbn=9792366196114" classname="com.tariq.isbnvalidatorapi.validator.IsbnValidatorTest" time="0.001"/>
  <testcase name="[1] isbn=9182222811" classname="com.tariq.isbnvalidatorapi.validator.IsbnValidatorTest" time="0.0"/>
  <testcase name="[2] isbn=8544274158" classname="com.tariq.isbnvalidatorapi.validator.IsbnValidatorTest" time="0.001"/>
  <testcase name="[3] isbn=6260304836" classname="com.tariq.isbnvalidatorapi.validator.IsbnValidatorTest" time="0.001"/>
  <testcase name="[4] isbn=0439420892" classname="com.tariq.isbnvalidatorapi.validator.IsbnValidatorTest" time="0.001"/>
  <testcase name="validateThrowsExceptionIfInvalidIsbnFormat()" classname="com.tariq.isbnvalidatorapi.validator.IsbnValidatorTest" time="0.001"/>
  <system-out><![CDATA[]]></system-out>
  <system-err><![CDATA[]]></system-err>
</testsuite>
